
ROM used:   1641/8192 (20%)
            1641/8192 (20%) including unused fragments

            1.2 Average locations per line
            5.3 Average locations per statement

RAM used:   23/368 (6%) at main() level
            36/368 (10%) worst case

Stack used: 5 worst case (5 in main + 0 for interrupts)
Stack size: 8

Lines Stmts  %   Files
----- ----- ---  -----
  263   211  68  machdienchongtromv3.c
   10     0   0  machdienchongtromv3.h
  672     0   0  E:\Program\PICC\Devices\16F877A.h
  456   100  32  E:\Program\PICC\Drivers\lcd.c
----- -----
 1401   311 Total

Page ROM  %  RAM    Vol Diff  Functions:
---- --- --- ---    --- ----  ----------
0     20   1    1             @delay_ms2
 Inline         3    760  4.5  lcd_read_byte
0     49   3    2    262  3.7  lcd_read_nibble
0     48   3    1    399  2.4  lcd_send_nibble
0     94   6    3    415  3.7  lcd_send_byte
0     70   4    6    852  6.2  lcd_init
0     18   1    4    208  6.3  lcd_gotoxy
0     44   3    1    354  4.7  lcd_putc
0     20   1    0             @const662
 Inline         1    394  2.4  quetcot
0    131   8    3    537  6.2  quetphim
0    116   7    1    426  1.4  khoitao
0      3   0    0             @const673
0     88   5    4             @PSTRINGC7_9600_62_63
0      3   0    0             @const675
0      7   0    0             @const676
0      5   0    0             @const677
0      9   1    0             @const678
0     88   5    1    295  1.4  baodong
0     11   1    0             @const680
0     13   1    0             @const681
0      8   0    0             @const682
0    638  39   17   6500  7.5  MAIN
0      8   0    0             @const693
0     86   5    4             @PSTRINGC7_650
0      1   0    0             @const696
0      1   0    0             @const698
0      1   0    0             @const700
0      1   0    0             @const702
0      1   0    0             @const704
0      1   0    0             @const706
0      5   0    0             @const707
0      5   0    0             @const708
0      7   0    0             @const709
0      9   1    0             @const710
0      8   0    0             @const711
0      1   0    0             @const712
0      1   0    0             @const713
0      1   0    0             @const714
0      1   0    0             @const715
0      1   0    0             @const716
0      1   0    0             @const717
0      6   0    0             @const718
0      8   0    0             @const719
 Inline         0             @cinit1

Program metrics:
    Functions               12
    Statements              311
    Comments                221
    Volume (V)              16079
    Difficulty (D)          47.5
    Effort to implement (E) 764412
    Time to implement (T)   11 hours, 48 minutes
    Est Delivered Bugs (B)  3
    Cyclomatic Complexity   35
    Maintainability (MI)    98

 Segment     Used  Free
-----------  ----  ----
00000-00003     4  0  
00004-007FF  1637  407  
00800-00FFF     0  2048  
01000-017FF     0  2048  
01800-01FFF     0  2048  



